2026-03-27 00:09:49,302 apscheduler.scheduler INFO Adding job tentatively -- it will be properly scheduled when the scheduler starts
2026-03-27 00:09:49,305 apscheduler.scheduler INFO Adding job tentatively -- it will be properly scheduled when the scheduler starts
2026-03-27 00:09:50,952 httpx INFO HTTP Request: POST https://api.telegram.org/bot8689890736:AAHm16iDlUajPybd3OlJTnhqJlc00F4L_fA/getMe "HTTP/1.1 200 OK"
2026-03-27 00:09:51,164 httpx INFO HTTP Request: POST https://api.telegram.org/bot8689890736:AAHm16iDlUajPybd3OlJTnhqJlc00F4L_fA/deleteWebhook "HTTP/1.1 200 OK"
2026-03-27 00:09:51,166 apscheduler.scheduler INFO Added job "expire_invitations" to job store "default"
2026-03-27 00:09:51,167 apscheduler.scheduler INFO Added job "auto_draw_matches" to job store "default"
2026-03-27 00:09:51,168 apscheduler.scheduler INFO Scheduler started
2026-03-27 00:09:51,169 telegram.ext.Application INFO Application started
2026-03-27 00:10:01,922 httpx INFO HTTP Request: POST https://api.telegram.org/bot8689890736:AAHm16iDlUajPybd3OlJTnhqJlc00F4L_fA/getUpdates "HTTP/1.1 200 OK"
2026-03-27 00:10:12,130 httpx INFO HTTP Request: POST https://api.telegram.org/bot8689890736:AAHm16iDlUajPybd3OlJTnhqJlc00F4L_fA/getUpdates "HTTP/1.1 200 OK"
2026-03-27 00:10:22,337 httpx INFO HTTP Request: POST https://api.telegram.org/bot8689890736:AAHm16iDlUajPybd3OlJTnhqJlc00F4L_fA/getUpdates "HTTP/1.1 200 OK"
2026-03-27 00:10:32,549 httpx INFO HTTP Request: POST https://api.telegram.org/bot8689890736:AAHm16iDlUajPybd3OlJTnhqJlc00F4L_fA/getUpdates "HTTP/1.1 200 OK"
2026-03-27 00:10:42,756 httpx INFO HTTP Request: POST https://api.telegram.org/bot8689890736:AAHm16iDlUajPybd3OlJTnhqJlc00F4L_fA/getUpdates "HTTP/1.1 200 OK"
2026-03-27 00:10:47,483 httpx INFO HTTP Request: POST https://api.telegram.org/bot8689890736:AAHm16iDlUajPybd3OlJTnhqJlc00F4L_fA/getUpdates "HTTP/1.1 200 OK"
2026-03-27 00:10:48,658 httpx INFO HTTP Request: POST https://api.telegram.org/bot8689890736:AAHm16iDlUajPybd3OlJTnhqJlc00F4L_fA/sendMessage "HTTP/1.1 200 OK"
2026-03-27 00:10:49,312 apscheduler.executors.default INFO Running job "expire_invitations (trigger: interval[1:00:00], next run at: 2026-03-26 22:10:49 UTC)" (scheduled at 2026-03-26 21:10:49.302345+00:00)
2026-03-27 00:10:49,314 apscheduler.executors.default INFO Job "expire_invitations (trigger: interval[1:00:00], next run at: 2026-03-26 22:10:49 UTC)" executed successfully
2026-03-27 00:10:56,351 httpx INFO HTTP Request: POST https://api.telegram.org/bot8689890736:AAHm16iDlUajPybd3OlJTnhqJlc00F4L_fA/getUpdates "HTTP/1.1 200 OK"
2026-03-27 00:10:57,129 httpx INFO HTTP Request: POST https://api.telegram.org/bot8689890736:AAHm16iDlUajPybd3OlJTnhqJlc00F4L_fA/sendMessage "HTTP/1.1 200 OK"
2026-03-27 00:11:00,745 httpx INFO HTTP Request: POST https://api.telegram.org/bot8689890736:AAHm16iDlUajPybd3OlJTnhqJlc00F4L_fA/getUpdates "HTTP/1.1 200 OK"
2026-03-27 00:11:00,981 httpx INFO HTTP Request: POST https://api.telegram.org/bot8689890736:AAHm16iDlUajPybd3OlJTnhqJlc00F4L_fA/sendMessage "HTTP/1.1 200 OK"
2026-03-27 00:11:04,587 httpx INFO HTTP Request: POST https://api.telegram.org/bot8689890736:AAHm16iDlUajPybd3OlJTnhqJlc00F4L_fA/getUpdates "HTTP/1.1 200 OK"
2026-03-27 00:11:04,820 httpx INFO HTTP Request: POST https://api.telegram.org/bot8689890736:AAHm16iDlUajPybd3OlJTnhqJlc00F4L_fA/sendMessage "HTTP/1.1 200 OK"
2026-03-27 00:11:12,914 httpx INFO HTTP Request: POST https://api.telegram.org/bot8689890736:AAHm16iDlUajPybd3OlJTnhqJlc00F4L_fA/getUpdates "HTTP/1.1 200 OK"
2026-03-27 00:11:13,756 httpx INFO HTTP Request: POST https://api.telegram.org/bot8689890736:AAHm16iDlUajPybd3OlJTnhqJlc00F4L_fA/sendMessage "HTTP/1.1 200 OK"
2026-03-27 00:11:17,357 httpx INFO HTTP Request: POST https://api.telegram.org/bot8689890736:AAHm16iDlUajPybd3OlJTnhqJlc00F4L_fA/getUpdates "HTTP/1.1 200 OK"
2026-03-27 00:11:17,613 httpx INFO HTTP Request: POST https://api.telegram.org/bot8689890736:AAHm16iDlUajPybd3OlJTnhqJlc00F4L_fA/sendMessage "HTTP/1.1 200 OK"
2026-03-27 00:11:18,287 httpx INFO HTTP Request: POST https://api.telegram.org/bot8689890736:AAHm16iDlUajPybd3OlJTnhqJlc00F4L_fA/getUpdates "HTTP/1.1 200 OK"
2026-03-27 00:11:18,530 httpx INFO HTTP Request: POST https://api.telegram.org/bot8689890736:AAHm16iDlUajPybd3OlJTnhqJlc00F4L_fA/sendMessage "HTTP/1.1 200 OK"
2026-03-27 00:11:18,885 httpx INFO HTTP Request: POST https://api.telegram.org/bot8689890736:AAHm16iDlUajPybd3OlJTnhqJlc00F4L_fA/getUpdates "HTTP/1.1 200 OK"
2026-03-27 00:11:19,121 httpx INFO HTTP Request: POST https://api.telegram.org/bot8689890736:AAHm16iDlUajPybd3OlJTnhqJlc00F4L_fA/sendMessage "HTTP/1.1 200 OK"
2026-03-27 00:11:19,202 httpx INFO HTTP Request: POST https://api.telegram.org/bot8689890736:AAHm16iDlUajPybd3OlJTnhqJlc00F4L_fA/getUpdates "HTTP/1.1 200 OK"
2026-03-27 00:11:19,445 httpx INFO HTTP Request: POST https://api.telegram.org/bot8689890736:AAHm16iDlUajPybd3OlJTnhqJlc00F4L_fA/sendMessage "HTTP/1.1 200 OK"
2026-03-27 00:11:29,416 httpx INFO HTTP Request: POST https://api.telegram.org/bot8689890736:AAHm16iDlUajPybd3OlJTnhqJlc00F4L_fA/getUpdates "HTTP/1.1 200 OK"
2026-03-27 00:11:31,439 httpx INFO HTTP Request: POST https://api.telegram.org/bot8689890736:AAHm16iDlUajPybd3OlJTnhqJlc00F4L_fA/getUpdates "HTTP/1.1 200 OK"
2026-03-27 00:11:32,252 httpx INFO HTTP Request: POST https://api.telegram.org/bot8689890736:AAHm16iDlUajPybd3OlJTnhqJlc00F4L_fA/sendMessage "HTTP/1.1 200 OK"
2026-03-27 00:11:40,849 httpx INFO HTTP Request: POST https://api.telegram.org/bot8689890736:AAHm16iDlUajPybd3OlJTnhqJlc00F4L_fA/getUpdates "HTTP/1.1 200 OK"
2026-03-27 00:11:41,679 httpx INFO HTTP Request: POST https://api.telegram.org/bot8689890736:AAHm16iDlUajPybd3OlJTnhqJlc00F4L_fA/sendMessage "HTTP/1.1 200 OK"
2026-03-27 00:11:45,972 httpx INFO HTTP Request: POST https://api.telegram.org/bot8689890736:AAHm16iDlUajPybd3OlJTnhqJlc00F4L_fA/getUpdates "HTTP/1.1 200 OK"
2026-03-27 00:11:46,220 httpx INFO HTTP Request: POST https://api.telegram.org/bot8689890736:AAHm16iDlUajPybd3OlJTnhqJlc00F4L_fA/sendMessage "HTTP/1.1 200 OK"
2026-03-27 00:11:46,753 httpx INFO HTTP Request: POST https://api.telegram.org/bot8689890736:AAHm16iDlUajPybd3OlJTnhqJlc00F4L_fA/getUpdates "HTTP/1.1 200 OK"
2026-03-27 00:11:46,992 httpx INFO HTTP Request: POST https://api.telegram.org/bot8689890736:AAHm16iDlUajPybd3OlJTnhqJlc00F4L_fA/sendMessage "HTTP/1.1 200 OK"
2026-03-27 00:11:47,538 httpx INFO HTTP Request: POST https://api.telegram.org/bot8689890736:AAHm16iDlUajPybd3OlJTnhqJlc00F4L_fA/getUpdates "HTTP/1.1 200 OK"
2026-03-27 00:11:47,773 httpx INFO HTTP Request: POST https://api.telegram.org/bot8689890736:AAHm16iDlUajPybd3OlJTnhqJlc00F4L_fA/sendMessage "HTTP/1.1 200 OK"
2026-03-27 00:11:48,390 httpx INFO HTTP Request: POST https://api.telegram.org/bot8689890736:AAHm16iDlUajPybd3OlJTnhqJlc00F4L_fA/getUpdates "HTTP/1.1 200 OK"
2026-03-27 00:11:48,633 httpx INFO HTTP Request: POST https://api.telegram.org/bot8689890736:AAHm16iDlUajPybd3OlJTnhqJlc00F4L_fA/sendMessage "HTTP/1.1 200 OK"
2026-03-27 00:11:49,323 apscheduler.executors.default INFO Running job "auto_draw_matches (trigger: interval[1:00:00], next run at: 2026-03-26 22:11:49 UTC)" (scheduled at 2026-03-26 21:11:49.305353+00:00)
2026-03-27 00:11:49,329 apscheduler.executors.default INFO Job "auto_draw_matches (trigger: interval[1:00:00], next run at: 2026-03-26 22:11:49 UTC)" executed successfully
2026-03-27 00:11:49,367 httpx INFO HTTP Request: POST https://api.telegram.org/bot8689890736:AAHm16iDlUajPybd3OlJTnhqJlc00F4L_fA/getUpdates "HTTP/1.1 200 OK"
2026-03-27 00:11:49,626 httpx INFO HTTP Request: POST https://api.telegram.org/bot8689890736:AAHm16iDlUajPybd3OlJTnhqJlc00F4L_fA/sendMessage "HTTP/1.1 200 OK"
2026-03-27 00:11:49,863 httpx INFO HTTP Request: POST https://api.telegram.org/bot8689890736:AAHm16iDlUajPybd3OlJTnhqJlc00F4L_fA/sendMessage "HTTP/1.1 200 OK"
2026-03-27 00:11:59,600 httpx INFO HTTP Request: POST https://api.telegram.org/bot8689890736:AAHm16iDlUajPybd3OlJTnhqJlc00F4L_fA/getUpdates "HTTP/1.1 200 OK"
2026-03-27 00:12:07,102 httpx INFO HTTP Request: POST https://api.telegram.org/bot8689890736:AAHm16iDlUajPybd3OlJTnhqJlc00F4L_fA/getUpdates "HTTP/1.1 200 OK"
2026-03-27 00:12:07,923 httpx INFO HTTP Request: POST https://api.telegram.org/bot8689890736:AAHm16iDlUajPybd3OlJTnhqJlc00F4L_fA/sendMessage "HTTP/1.1 200 OK"
2026-03-27 00:12:10,663 httpx INFO HTTP Request: POST https://api.telegram.org/bot8689890736:AAHm16iDlUajPybd3OlJTnhqJlc00F4L_fA/getUpdates "HTTP/1.1 200 OK"
2026-03-27 00:12:10,903 httpx INFO HTTP Request: POST https://api.telegram.org/bot8689890736:AAHm16iDlUajPybd3OlJTnhqJlc00F4L_fA/sendMessage "HTTP/1.1 200 OK"
2026-03-27 00:12:16,065 httpx INFO HTTP Request: POST https://api.telegram.org/bot8689890736:AAHm16iDlUajPybd3OlJTnhqJlc00F4L_fA/getUpdates "HTTP/1.1 200 OK"
2026-03-27 00:12:16,847 httpx INFO HTTP Request: POST https://api.telegram.org/bot8689890736:AAHm16iDlUajPybd3OlJTnhqJlc00F4L_fA/sendMessage "HTTP/1.1 200 OK"
2026-03-27 00:12:18,601 httpx INFO HTTP Request: POST https://api.telegram.org/bot8689890736:AAHm16iDlUajPybd3OlJTnhqJlc00F4L_fA/getUpdates "HTTP/1.1 200 OK"
2026-03-27 00:12:18,854 httpx INFO HTTP Request: POST https://api.telegram.org/bot8689890736:AAHm16iDlUajPybd3OlJTnhqJlc00F4L_fA/sendMessage "HTTP/1.1 200 OK"
2026-03-27 00:12:27,286 httpx INFO HTTP Request: POST https://api.telegram.org/bot8689890736:AAHm16iDlUajPybd3OlJTnhqJlc00F4L_fA/getUpdates "HTTP/1.1 200 OK"
2026-03-27 00:12:28,081 httpx INFO HTTP Request: POST https://api.telegram.org/bot8689890736:AAHm16iDlUajPybd3OlJTnhqJlc00F4L_fA/sendMessage "HTTP/1.1 200 OK"
2026-03-27 00:12:29,626 httpx INFO HTTP Request: POST https://api.telegram.org/bot8689890736:AAHm16iDlUajPybd3OlJTnhqJlc00F4L_fA/getUpdates "HTTP/1.1 200 OK"
2026-03-27 00:12:29,869 httpx INFO HTTP Request: POST https://api.telegram.org/bot8689890736:AAHm16iDlUajPybd3OlJTnhqJlc00F4L_fA/sendMessage "HTTP/1.1 200 OK"
2026-03-27 00:12:30,885 httpx INFO HTTP Request: POST https://api.telegram.org/bot8689890736:AAHm16iDlUajPybd3OlJTnhqJlc00F4L_fA/getUpdates "HTTP/1.1 200 OK"
2026-03-27 00:12:31,173 httpx INFO HTTP Request: POST https://api.telegram.org/bot8689890736:AAHm16iDlUajPybd3OlJTnhqJlc00F4L_fA/sendMessage "HTTP/1.1 200 OK"
2026-03-27 00:12:32,650 httpx INFO HTTP Request: POST https://api.telegram.org/bot8689890736:AAHm16iDlUajPybd3OlJTnhqJlc00F4L_fA/getUpdates "HTTP/1.1 200 OK"
2026-03-27 00:12:32,881 httpx INFO HTTP Request: POST https://api.telegram.org/bot8689890736:AAHm16iDlUajPybd3OlJTnhqJlc00F4L_fA/sendMessage "HTTP/1.1 200 OK"
2026-03-27 00:12:33,801 httpx INFO HTTP Request: POST https://api.telegram.org/bot8689890736:AAHm16iDlUajPybd3OlJTnhqJlc00F4L_fA/getUpdates "HTTP/1.1 200 OK"
2026-03-27 00:12:34,030 httpx INFO HTTP Request: POST https://api.telegram.org/bot8689890736:AAHm16iDlUajPybd3OlJTnhqJlc00F4L_fA/sendMessage "HTTP/1.1 200 OK"
2026-03-27 00:12:36,675 httpx INFO HTTP Request: POST https://api.telegram.org/bot8689890736:AAHm16iDlUajPybd3OlJTnhqJlc00F4L_fA/getUpdates "HTTP/1.1 200 OK"
2026-03-27 00:12:36,907 httpx INFO HTTP Request: POST https://api.telegram.org/bot8689890736:AAHm16iDlUajPybd3OlJTnhqJlc00F4L_fA/sendMessage "HTTP/1.1 200 OK"
2026-03-27 00:12:45,939 httpx INFO HTTP Request: POST https://api.telegram.org/bot8689890736:AAHm16iDlUajPybd3OlJTnhqJlc00F4L_fA/getUpdates "HTTP/1.1 200 OK"
2026-03-27 00:12:46,770 httpx INFO HTTP Request: POST https://api.telegram.org/bot8689890736:AAHm16iDlUajPybd3OlJTnhqJlc00F4L_fA/sendMessage "HTTP/1.1 200 OK"
2026-03-27 00:12:47,860 httpx INFO HTTP Request: POST https://api.telegram.org/bot8689890736:AAHm16iDlUajPybd3OlJTnhqJlc00F4L_fA/getUpdates "HTTP/1.1 200 OK"
2026-03-27 00:12:48,086 httpx INFO HTTP Request: POST https://api.telegram.org/bot8689890736:AAHm16iDlUajPybd3OlJTnhqJlc00F4L_fA/sendMessage "HTTP/1.1 200 OK"
